{
  "RSpec": {
    "coverage": {
      "/Users/alkarim/Desktop/Documents/Interviews/Company Notes : Tasks/Brightwheel/email_task/email_service/app.rb": [
        1,
        1,
        1,
        1,
        1,
        1,
        1,
        null,
        1,
        1,
        null,
        1,
        5,
        5,
        2,
        null,
        null,
        null,
        1,
        3,
        3,
        3,
        null
      ],
      "/Users/alkarim/Desktop/Documents/Interviews/Company Notes : Tasks/Brightwheel/email_task/email_service/lib/utils.rb": [
        1,
        null,
        1,
        5,
        5,
        null,
        null,
        1,
        null,
        1,
        3,
        null,
        null,
        null
      ],
      "/Users/alkarim/Desktop/Documents/Interviews/Company Notes : Tasks/Brightwheel/email_task/email_service/lib/api/validator.rb": [
        1,
        1,
        null,
        1,
        1,
        1,
        null,
        1,
        null,
        null,
        null,
        null,
        null,
        null,
        null,
        null,
        1,
        8,
        48,
        13,
        13,
        null,
        null,
        35,
        1,
        null,
        null,
        null,
        8,
        null,
        null,
        1,
        38,
        25,
        12,
        1,
        null,
        null,
        null,
        1,
        2,
        null,
        null,
        null,
        null
      ],
      "/Users/alkarim/Desktop/Documents/Interviews/Company Notes : Tasks/Brightwheel/email_task/email_service/lib/api/validation_helper.rb": [
        1,
        1,
        null,
        null,
        1,
        null,
        1,
        43,
        41,
        null,
        null,
        1,
        14,
        13,
        null,
        null,
        null
      ],
      "/Users/alkarim/Desktop/Documents/Interviews/Company Notes : Tasks/Brightwheel/email_task/email_service/lib/email/email.rb": [
        1,
        1,
        1,
        1,
        1,
        null,
        1,
        null,
        1,
        8,
        8,
        8,
        3,
        5,
        null,
        null,
        null,
        null,
        null,
        null,
        1,
        3,
        null,
        null,
        1,
        null,
        1,
        8,
        8,
        null,
        null,
        1,
        9,
        9,
        19,
        9,
        null,
        null,
        null
      ],
      "/Users/alkarim/Desktop/Documents/Interviews/Company Notes : Tasks/Brightwheel/email_task/email_service/lib/email/adapters/mailgun.rb": [
        1,
        null,
        1,
        1,
        1,
        1,
        null,
        1,
        1,
        1,
        null,
        null,
        null,
        1,
        3,
        null,
        null,
        null,
        null,
        null,
        null,
        3,
        3,
        null,
        null,
        null,
        1,
        null,
        1,
        3,
        null,
        null,
        null,
        1,
        3,
        null,
        null,
        null,
        null,
        3,
        null,
        null,
        1,
        3,
        null,
        null,
        null,
        null,
        null,
        null
      ],
      "/Users/alkarim/Desktop/Documents/Interviews/Company Notes : Tasks/Brightwheel/email_task/email_service/lib/email/adapters/mandrill.rb": [
        1,
        null,
        1,
        1,
        1,
        1,
        null,
        1,
        1,
        1,
        null,
        null,
        null,
        1,
        2,
        null,
        null,
        null,
        null,
        null,
        null,
        null,
        null,
        null,
        null,
        null,
        null,
        null,
        null,
        null,
        null,
        2,
        2,
        null,
        null,
        null,
        1,
        null,
        1,
        2,
        null,
        null,
        1,
        2,
        null,
        null,
        null,
        null,
        2,
        null,
        null,
        null,
        null,
        null,
        null
      ],
      "/Users/alkarim/Desktop/Documents/Interviews/Company Notes : Tasks/Brightwheel/email_task/email_service/spec/app_spec.rb": [
        1,
        1,
        5,
        null,
        null,
        null,
        null,
        null,
        null,
        null,
        null,
        null,
        1,
        1,
        1,
        1,
        null,
        null,
        1,
        1,
        1,
        null,
        null,
        1,
        1,
        1,
        1,
        null,
        null,
        null,
        1,
        1,
        1,
        1,
        null,
        null,
        null,
        1,
        1,
        null,
        null,
        null,
        1,
        1,
        1,
        null,
        null,
        1,
        1,
        1,
        1,
        1,
        null,
        1,
        null,
        null,
        null,
        1,
        1,
        null,
        null,
        null
      ],
      "/Users/alkarim/Desktop/Documents/Interviews/Company Notes : Tasks/Brightwheel/email_task/email_service/spec/lib/api/validation_helper_spec.rb": [
        1,
        null,
        1,
        1,
        1,
        1,
        null,
        1,
        1,
        1,
        null,
        1,
        1,
        1,
        null,
        null,
        null,
        1,
        1,
        1,
        1,
        null,
        1,
        1,
        1,
        null,
        1,
        1,
        1,
        null,
        null,
        null,
        null
      ],
      "/Users/alkarim/Desktop/Documents/Interviews/Company Notes : Tasks/Brightwheel/email_task/email_service/spec/lib/api/validator_spec.rb": [
        1,
        1,
        1,
        3,
        null,
        null,
        null,
        null,
        null,
        null,
        null,
        null,
        null,
        1,
        1,
        1,
        null,
        null,
        null,
        1,
        1,
        1,
        1,
        null,
        null,
        null,
        1,
        1,
        1,
        1,
        null,
        null,
        null,
        null,
        1,
        1,
        1,
        null,
        1,
        1,
        null,
        1,
        1,
        null,
        null,
        null,
        1,
        1,
        null,
        null
      ],
      "/Users/alkarim/Desktop/Documents/Interviews/Company Notes : Tasks/Brightwheel/email_task/email_service/spec/lib/email/adapters.rb/mailgun_spec.rb": [
        1,
        1,
        1,
        null,
        null,
        1,
        1,
        null,
        null,
        1,
        1,
        1,
        null,
        null,
        null,
        null,
        null,
        null,
        null,
        null,
        null,
        1,
        null,
        null,
        null,
        1,
        null,
        null,
        null,
        null,
        null
      ],
      "/Users/alkarim/Desktop/Documents/Interviews/Company Notes : Tasks/Brightwheel/email_task/email_service/spec/lib/email/adapters.rb/mandrill_spec.rb": [
        1,
        1,
        1,
        null,
        null,
        1,
        1,
        null,
        null,
        1,
        1,
        1,
        1,
        1,
        1,
        1,
        null,
        1,
        null,
        null,
        null,
        null,
        null,
        null,
        null,
        null,
        null,
        1,
        null,
        null,
        null,
        1,
        null,
        null,
        null,
        null,
        null
      ],
      "/Users/alkarim/Desktop/Documents/Interviews/Company Notes : Tasks/Brightwheel/email_task/email_service/spec/lib/email/email_spec.rb": [
        1,
        1,
        5,
        5,
        null,
        null,
        1,
        1,
        1,
        1,
        1,
        null,
        null,
        null,
        1,
        1,
        1,
        1,
        1,
        null,
        null,
        null,
        1,
        1,
        1,
        1,
        null,
        1,
        1,
        1,
        1,
        null,
        1,
        1,
        1,
        1,
        null,
        null,
        null
      ]
    },
    "timestamp": 1521139678
  }
}
